{"level":"info","message":"State DB opened: :memory:","timestamp":"2026-04-23T12:56:30.686+02:00","tool":"sharepoint-mirror"}
{"level":"info","library":"/sites/test/Shared Documents","message":"Created run #1","siteUrl":"https://contoso.sharepoint.com/sites/test","timestamp":"2026-04-23T12:56:30.688+02:00","tool":"sharepoint-mirror"}
{"level":"info","message":"State DB opened: :memory:","timestamp":"2026-04-23T12:56:30.692+02:00","tool":"sharepoint-mirror"}
{"level":"info","library":"/docs","message":"Created run #1","siteUrl":"https://test.sharepoint.com","timestamp":"2026-04-23T12:56:30.693+02:00","tool":"sharepoint-mirror"}
{"level":"info","message":"Run #1 finished with status: completed","timestamp":"2026-04-23T12:56:30.693+02:00","tool":"sharepoint-mirror"}
{"level":"info","message":"State DB opened: :memory:","timestamp":"2026-04-23T12:56:30.696+02:00","tool":"sharepoint-mirror"}
{"level":"info","library":"/docs","message":"Created run #1","siteUrl":"https://test.sharepoint.com","timestamp":"2026-04-23T12:56:30.697+02:00","tool":"sharepoint-mirror"}
{"level":"info","message":"State DB opened: :memory:","timestamp":"2026-04-23T12:56:30.702+02:00","tool":"sharepoint-mirror"}
{"level":"info","library":"/docs","message":"Created run #1","siteUrl":"https://test.sharepoint.com","timestamp":"2026-04-23T12:56:30.703+02:00","tool":"sharepoint-mirror"}
{"level":"info","message":"Run #1 finished with status: completed","timestamp":"2026-04-23T12:56:30.704+02:00","tool":"sharepoint-mirror"}
{"level":"info","message":"State DB opened: :memory:","timestamp":"2026-04-23T12:56:30.707+02:00","tool":"sharepoint-mirror"}
{"level":"info","library":"/docs","message":"Created run #1","siteUrl":"https://test.sharepoint.com","timestamp":"2026-04-23T12:56:30.709+02:00","tool":"sharepoint-mirror"}
{"level":"info","message":"State DB opened: :memory:","timestamp":"2026-04-23T12:56:30.711+02:00","tool":"sharepoint-mirror"}
{"level":"info","library":"/docs","message":"Created run #1","siteUrl":"https://test.sharepoint.com","timestamp":"2026-04-23T12:56:30.712+02:00","tool":"sharepoint-mirror"}
{"level":"info","message":"State DB opened: :memory:","timestamp":"2026-04-23T12:56:30.716+02:00","tool":"sharepoint-mirror"}
{"level":"info","library":"/docs","message":"Created run #1","siteUrl":"https://test.sharepoint.com","timestamp":"2026-04-23T12:56:30.717+02:00","tool":"sharepoint-mirror"}
{"level":"info","message":"State DB opened: :memory:","timestamp":"2026-04-23T12:56:30.720+02:00","tool":"sharepoint-mirror"}
{"level":"info","library":"/docs","message":"Created run #1","siteUrl":"https://test.sharepoint.com","timestamp":"2026-04-23T12:56:30.721+02:00","tool":"sharepoint-mirror"}
{"level":"info","message":"State DB opened: :memory:","timestamp":"2026-04-23T12:56:30.725+02:00","tool":"sharepoint-mirror"}
{"level":"info","library":"/docs","message":"Created run #1","siteUrl":"https://test.sharepoint.com","timestamp":"2026-04-23T12:56:30.726+02:00","tool":"sharepoint-mirror"}
{"level":"info","message":"State DB opened: :memory:","timestamp":"2026-04-23T12:56:30.729+02:00","tool":"sharepoint-mirror"}
{"level":"info","library":"/docs","message":"Created run #1","siteUrl":"https://test.sharepoint.com","timestamp":"2026-04-23T12:56:30.729+02:00","tool":"sharepoint-mirror"}
{"level":"info","message":"State DB opened: :memory:","timestamp":"2026-04-23T12:56:30.732+02:00","tool":"sharepoint-mirror"}
{"level":"info","library":"/docs","message":"Created run #1","siteUrl":"https://test.sharepoint.com","timestamp":"2026-04-23T12:56:30.733+02:00","tool":"sharepoint-mirror"}
{"level":"info","message":"State DB opened: :memory:","timestamp":"2026-04-23T12:56:30.736+02:00","tool":"sharepoint-mirror"}
{"level":"info","library":"/docs","message":"Created run #1","siteUrl":"https://test.sharepoint.com","timestamp":"2026-04-23T12:56:30.736+02:00","tool":"sharepoint-mirror"}
{"level":"info","message":"State DB opened: :memory:","timestamp":"2026-04-23T12:56:30.739+02:00","tool":"sharepoint-mirror"}
{"level":"info","library":"/docs","message":"Created run #1","siteUrl":"https://test.sharepoint.com","timestamp":"2026-04-23T12:56:30.739+02:00","tool":"sharepoint-mirror"}
{"level":"info","message":"Reset 1 stuck \"downloading\" files to \"pending\"","timestamp":"2026-04-23T12:56:30.740+02:00","tool":"sharepoint-mirror"}
{"level":"info","message":"State DB opened: :memory:","timestamp":"2026-04-23T12:56:30.742+02:00","tool":"sharepoint-mirror"}
{"level":"info","library":"/docs","message":"Created run #1","siteUrl":"https://test.sharepoint.com","timestamp":"2026-04-23T12:56:30.742+02:00","tool":"sharepoint-mirror"}
{"level":"info","message":"State DB opened: :memory:","timestamp":"2026-04-23T12:56:30.745+02:00","tool":"sharepoint-mirror"}
{"level":"info","library":"/docs","message":"Created run #1","siteUrl":"https://test.sharepoint.com","timestamp":"2026-04-23T12:56:30.745+02:00","tool":"sharepoint-mirror"}
{"level":"info","message":"State DB opened: :memory:","timestamp":"2026-04-23T12:56:30.748+02:00","tool":"sharepoint-mirror"}
{"level":"info","library":"/docs","message":"Created run #1","siteUrl":"https://test.sharepoint.com","timestamp":"2026-04-23T12:56:30.749+02:00","tool":"sharepoint-mirror"}
{"level":"info","message":"State DB opened: :memory:","timestamp":"2026-04-23T12:56:30.752+02:00","tool":"sharepoint-mirror"}
{"level":"info","library":"/docs","message":"Created run #1","siteUrl":"https://test.sharepoint.com","timestamp":"2026-04-23T12:56:30.753+02:00","tool":"sharepoint-mirror"}
{"level":"info","message":"State DB opened: :memory:","timestamp":"2026-04-23T12:56:30.755+02:00","tool":"sharepoint-mirror"}
{"level":"info","library":"/docs","message":"Created run #1","siteUrl":"https://test.sharepoint.com","timestamp":"2026-04-23T12:56:30.756+02:00","tool":"sharepoint-mirror"}
